<?xml version="1.0" encoding="UTF-8"?>
<!-- Generated by org.testng.reporters.JUnitXMLReporter -->
<testsuite hostname="DESKTOP-8KLP3O2" ignored="0" name="Test" tests="3" failures="0" timestamp="2022-04-05T17:01:07 IST" time="15.961" errors="0">
  <testcase name="loginTest" time="15.882" classname="com.practice.TC_Login"/>
  <testcase name="testlogin1" time="0.011" classname="com.practice.AppTest"/>
  <testcase name="testlogin2" time="0.002" classname="com.practice.AppTest"/>
</testsuite> <!-- Test -->
